2021-06-17 00:26:10.304  INFO 8720 --- [main] c.proofpoint.ws.ProofPointExApplication  : Starting ProofPointExApplication using Java 15.0.2 on LAPTOP-ATCIM1LO with PID 8720 (C:\Work\STS4\workspace\ProofPointEx\target\classes started by kapah in C:\Work\STS4\workspace\ProofPointEx)
2021-06-17 00:26:10.307  INFO 8720 --- [main] c.proofpoint.ws.ProofPointExApplication  : No active profile set, falling back to default profiles: default
2021-06-17 00:26:11.380  INFO 8720 --- [main] o.s.b.w.embedded.tomcat.TomcatWebServer  : Tomcat initialized with port(s): 8082 (http)
2021-06-17 00:26:11.392  INFO 8720 --- [main] o.apache.catalina.core.StandardService   : Starting service [Tomcat]
2021-06-17 00:26:11.393  INFO 8720 --- [main] org.apache.catalina.core.StandardEngine  : Starting Servlet engine: [Apache Tomcat/9.0.46]
2021-06-17 00:26:11.478  INFO 8720 --- [main] o.a.c.c.C.[Tomcat].[localhost].[/]       : Initializing Spring embedded WebApplicationContext
2021-06-17 00:26:11.478  INFO 8720 --- [main] w.s.c.ServletWebServerApplicationContext : Root WebApplicationContext: initialization completed in 1124 ms
2021-06-17 00:26:11.946  INFO 8720 --- [main] o.s.b.w.embedded.tomcat.TomcatWebServer  : Tomcat started on port(s): 8082 (http) with context path ''
2021-06-17 00:26:11.956  INFO 8720 --- [main] c.proofpoint.ws.ProofPointExApplication  : Started ProofPointExApplication in 2.09 seconds (JVM running for 2.992)
2021-06-17 00:26:15.861  INFO 8720 --- [http-nio-8082-exec-2] o.a.c.c.C.[Tomcat].[localhost].[/]       : Initializing Spring DispatcherServlet 'dispatcherServlet'
2021-06-17 00:26:15.862  INFO 8720 --- [http-nio-8082-exec-2] o.s.web.servlet.DispatcherServlet        : Initializing Servlet 'dispatcherServlet'
2021-06-17 00:26:15.864  INFO 8720 --- [http-nio-8082-exec-2] o.s.web.servlet.DispatcherServlet        : Completed initialization in 1 ms
2021-06-17 00:26:36.846  INFO 8720 --- [RMI TCP Connection(7)-127.0.0.1] inMXBeanRegistrar$SpringApplicationAdmin : Application shutdown requested.
2021-06-17 00:31:16.800  INFO 22888 --- [main] c.proofpoint.ws.ProofPointExApplication  : Starting ProofPointExApplication using Java 15.0.2 on LAPTOP-ATCIM1LO with PID 22888 (C:\Work\STS4\workspace\ProofPointEx\target\classes started by kapah in C:\Work\STS4\workspace\ProofPointEx)
2021-06-17 00:31:16.803  INFO 22888 --- [main] c.proofpoint.ws.ProofPointExApplication  : No active profile set, falling back to default profiles: default
2021-06-17 00:31:17.792  INFO 22888 --- [main] o.s.b.w.embedded.tomcat.TomcatWebServer  : Tomcat initialized with port(s): 8082 (http)
2021-06-17 00:31:17.804  INFO 22888 --- [main] o.apache.catalina.core.StandardService   : Starting service [Tomcat]
2021-06-17 00:31:17.805  INFO 22888 --- [main] org.apache.catalina.core.StandardEngine  : Starting Servlet engine: [Apache Tomcat/9.0.46]
2021-06-17 00:31:17.889  INFO 22888 --- [main] o.a.c.c.C.[Tomcat].[localhost].[/]       : Initializing Spring embedded WebApplicationContext
2021-06-17 00:31:17.889  INFO 22888 --- [main] w.s.c.ServletWebServerApplicationContext : Root WebApplicationContext: initialization completed in 1039 ms
2021-06-17 00:31:18.352  INFO 22888 --- [main] o.s.b.w.embedded.tomcat.TomcatWebServer  : Tomcat started on port(s): 8082 (http) with context path ''
2021-06-17 00:31:18.362  INFO 22888 --- [main] c.proofpoint.ws.ProofPointExApplication  : Started ProofPointExApplication in 2.006 seconds (JVM running for 2.868)
2021-06-17 00:31:21.678  INFO 22888 --- [http-nio-8082-exec-2] o.a.c.c.C.[Tomcat].[localhost].[/]       : Initializing Spring DispatcherServlet 'dispatcherServlet'
2021-06-17 00:31:21.679  INFO 22888 --- [http-nio-8082-exec-2] o.s.web.servlet.DispatcherServlet        : Initializing Servlet 'dispatcherServlet'
2021-06-17 00:31:21.680  INFO 22888 --- [http-nio-8082-exec-2] o.s.web.servlet.DispatcherServlet        : Completed initialization in 1 ms
2021-06-17 00:31:52.427  INFO 22888 --- [RMI TCP Connection(10)-127.0.0.1] inMXBeanRegistrar$SpringApplicationAdmin : Application shutdown requested.
2021-06-17 00:33:03.167  INFO 25572 --- [main] c.proofpoint.ws.ProofPointExApplication  : Starting ProofPointExApplication using Java 15.0.2 on LAPTOP-ATCIM1LO with PID 25572 (C:\Work\STS4\workspace\ProofPointEx\target\classes started by kapah in C:\Work\STS4\workspace\ProofPointEx)
2021-06-17 00:33:03.170  INFO 25572 --- [main] c.proofpoint.ws.ProofPointExApplication  : No active profile set, falling back to default profiles: default
2021-06-17 00:33:04.182  INFO 25572 --- [main] o.s.b.w.embedded.tomcat.TomcatWebServer  : Tomcat initialized with port(s): 8082 (http)
2021-06-17 00:33:04.195  INFO 25572 --- [main] o.apache.catalina.core.StandardService   : Starting service [Tomcat]
2021-06-17 00:33:04.196  INFO 25572 --- [main] org.apache.catalina.core.StandardEngine  : Starting Servlet engine: [Apache Tomcat/9.0.46]
2021-06-17 00:33:04.280  INFO 25572 --- [main] o.a.c.c.C.[Tomcat].[localhost].[/]       : Initializing Spring embedded WebApplicationContext
2021-06-17 00:33:04.280  INFO 25572 --- [main] w.s.c.ServletWebServerApplicationContext : Root WebApplicationContext: initialization completed in 1056 ms
2021-06-17 00:33:04.718  INFO 25572 --- [main] o.s.b.w.embedded.tomcat.TomcatWebServer  : Tomcat started on port(s): 8082 (http) with context path ''
2021-06-17 00:33:04.728  INFO 25572 --- [main] c.proofpoint.ws.ProofPointExApplication  : Started ProofPointExApplication in 1.982 seconds (JVM running for 2.832)
2021-06-17 00:33:10.486  INFO 25572 --- [http-nio-8082-exec-2] o.a.c.c.C.[Tomcat].[localhost].[/]       : Initializing Spring DispatcherServlet 'dispatcherServlet'
2021-06-17 00:33:10.486  INFO 25572 --- [http-nio-8082-exec-2] o.s.web.servlet.DispatcherServlet        : Initializing Servlet 'dispatcherServlet'
2021-06-17 00:33:10.487  INFO 25572 --- [http-nio-8082-exec-2] o.s.web.servlet.DispatcherServlet        : Completed initialization in 0 ms
2021-06-17 00:34:05.147  INFO 19900 --- [main] c.proofpoint.ws.ProofPointExApplication  : Starting ProofPointExApplication using Java 15.0.2 on LAPTOP-ATCIM1LO with PID 19900 (C:\Work\STS4\workspace\ProofPointEx\target\classes started by kapah in C:\Work\STS4\workspace\ProofPointEx)
2021-06-17 00:34:05.151  INFO 19900 --- [main] c.proofpoint.ws.ProofPointExApplication  : No active profile set, falling back to default profiles: default
2021-06-17 00:34:06.272  INFO 19900 --- [main] o.s.b.w.embedded.tomcat.TomcatWebServer  : Tomcat initialized with port(s): 8082 (http)
2021-06-17 00:34:06.285  INFO 19900 --- [main] o.apache.catalina.core.StandardService   : Starting service [Tomcat]
2021-06-17 00:34:06.286  INFO 19900 --- [main] org.apache.catalina.core.StandardEngine  : Starting Servlet engine: [Apache Tomcat/9.0.46]
2021-06-17 00:34:06.378  INFO 19900 --- [main] o.a.c.c.C.[Tomcat].[localhost].[/]       : Initializing Spring embedded WebApplicationContext
2021-06-17 00:34:06.379  INFO 19900 --- [main] w.s.c.ServletWebServerApplicationContext : Root WebApplicationContext: initialization completed in 1167 ms
2021-06-17 00:34:06.845  WARN 19900 --- [main] ConfigServletWebServerApplicationContext : Exception encountered during context initialization - cancelling refresh attempt: org.springframework.context.ApplicationContextException: Failed to start bean 'webServerStartStop'; nested exception is org.springframework.boot.web.server.PortInUseException: Port 8082 is already in use
2021-06-17 00:34:06.849  INFO 19900 --- [main] o.apache.catalina.core.StandardService   : Stopping service [Tomcat]
2021-06-17 00:34:06.861  INFO 19900 --- [main] ConditionEvaluationReportLoggingListener : 

Error starting ApplicationContext. To display the conditions report re-run your application with 'debug' enabled.
2021-06-17 00:34:06.875 ERROR 19900 --- [main] o.s.b.d.LoggingFailureAnalysisReporter   : 

***************************
APPLICATION FAILED TO START
***************************

Description:

Web server failed to start. Port 8082 was already in use.

Action:

Identify and stop the process that's listening on port 8082 or configure this application to listen on another port.

2021-06-17 00:34:11.827  INFO 25572 --- [RMI TCP Connection(9)-127.0.0.1] inMXBeanRegistrar$SpringApplicationAdmin : Application shutdown requested.
2021-06-17 00:34:17.325  INFO 13508 --- [main] c.proofpoint.ws.ProofPointExApplication  : Starting ProofPointExApplication using Java 15.0.2 on LAPTOP-ATCIM1LO with PID 13508 (C:\Work\STS4\workspace\ProofPointEx\target\classes started by kapah in C:\Work\STS4\workspace\ProofPointEx)
2021-06-17 00:34:17.328  INFO 13508 --- [main] c.proofpoint.ws.ProofPointExApplication  : No active profile set, falling back to default profiles: default
2021-06-17 00:34:18.282  INFO 13508 --- [main] o.s.b.w.embedded.tomcat.TomcatWebServer  : Tomcat initialized with port(s): 8082 (http)
2021-06-17 00:34:18.292  INFO 13508 --- [main] o.apache.catalina.core.StandardService   : Starting service [Tomcat]
2021-06-17 00:34:18.293  INFO 13508 --- [main] org.apache.catalina.core.StandardEngine  : Starting Servlet engine: [Apache Tomcat/9.0.46]
2021-06-17 00:34:18.372  INFO 13508 --- [main] o.a.c.c.C.[Tomcat].[localhost].[/]       : Initializing Spring embedded WebApplicationContext
2021-06-17 00:34:18.372  INFO 13508 --- [main] w.s.c.ServletWebServerApplicationContext : Root WebApplicationContext: initialization completed in 996 ms
2021-06-17 00:34:18.816  INFO 13508 --- [main] o.s.b.w.embedded.tomcat.TomcatWebServer  : Tomcat started on port(s): 8082 (http) with context path ''
2021-06-17 00:34:18.826  INFO 13508 --- [main] c.proofpoint.ws.ProofPointExApplication  : Started ProofPointExApplication in 1.924 seconds (JVM running for 2.864)
2021-06-17 00:34:24.261  INFO 13508 --- [http-nio-8082-exec-2] o.a.c.c.C.[Tomcat].[localhost].[/]       : Initializing Spring DispatcherServlet 'dispatcherServlet'
2021-06-17 00:34:24.262  INFO 13508 --- [http-nio-8082-exec-2] o.s.web.servlet.DispatcherServlet        : Initializing Servlet 'dispatcherServlet'
2021-06-17 00:34:24.264  INFO 13508 --- [http-nio-8082-exec-2] o.s.web.servlet.DispatcherServlet        : Completed initialization in 1 ms
